2025-10-04 22:38:46,071 - mmdet - INFO - Environment info:
------------------------------------------------------------
sys.platform: linux
Python: 3.7.16 (default, Jan 17 2023, 22:20:44) [GCC 11.2.0]
CUDA available: True
GPU 0: NVIDIA GeForce RTX 3050 Laptop GPU
CUDA_HOME: None
GCC: gcc (Ubuntu 11.4.0-1ubuntu1~22.04.2) 11.4.0
PyTorch: 1.8.1
PyTorch compiling details: PyTorch built with:
  - GCC 7.3
  - C++ Version: 201402
  - Intel(R) oneAPI Math Kernel Library Version 2021.4-Product Build 20210904 for Intel(R) 64 architecture applications
  - Intel(R) MKL-DNN v1.7.0 (Git Hash 7aed236906b1f7a05c0917e5257a1af05e9ff683)
  - OpenMP 201511 (a.k.a. OpenMP 4.5)
  - NNPACK is enabled
  - CPU capability usage: AVX2
  - CUDA Runtime 10.1
  - NVCC architecture flags: -gencode;arch=compute_37,code=sm_37;-gencode;arch=compute_50,code=sm_50;-gencode;arch=compute_60,code=sm_60;-gencode;arch=compute_61,code=sm_61;-gencode;arch=compute_70,code=sm_70;-gencode;arch=compute_75,code=sm_75;-gencode;arch=compute_37,code=compute_37
  - CuDNN 7.6.3
  - Magma 2.5.2
  - Build settings: BLAS_INFO=mkl, BUILD_TYPE=Release, CUDA_VERSION=10.1, CUDNN_VERSION=7.6.3, CXX_COMPILER=/opt/rh/devtoolset-7/root/usr/bin/c++, CXX_FLAGS= -Wno-deprecated -fvisibility-inlines-hidden -DUSE_PTHREADPOOL -fopenmp -DNDEBUG -DUSE_KINETO -DUSE_FBGEMM -DUSE_QNNPACK -DUSE_PYTORCH_QNNPACK -DUSE_XNNPACK -O2 -fPIC -Wno-narrowing -Wall -Wextra -Werror=return-type -Wno-missing-field-initializers -Wno-type-limits -Wno-array-bounds -Wno-unknown-pragmas -Wno-sign-compare -Wno-unused-parameter -Wno-unused-variable -Wno-unused-function -Wno-unused-result -Wno-unused-local-typedefs -Wno-strict-overflow -Wno-strict-aliasing -Wno-error=deprecated-declarations -Wno-stringop-overflow -Wno-psabi -Wno-error=pedantic -Wno-error=redundant-decls -Wno-error=old-style-cast -fdiagnostics-color=always -faligned-new -Wno-unused-but-set-variable -Wno-maybe-uninitialized -fno-math-errno -fno-trapping-math -Werror=format -Wno-stringop-overflow, LAPACK_INFO=mkl, PERF_WITH_AVX=1, PERF_WITH_AVX2=1, PERF_WITH_AVX512=1, TORCH_VERSION=1.8.1, USE_CUDA=ON, USE_CUDNN=ON, USE_EXCEPTION_PTR=1, USE_GFLAGS=OFF, USE_GLOG=OFF, USE_MKL=ON, USE_MKLDNN=ON, USE_MPI=OFF, USE_NCCL=ON, USE_NNPACK=ON, USE_OPENMP=ON, 

TorchVision: 0.9.1
OpenCV: 4.12.0
MMCV: 1.3.18
MMCV Compiler: GCC 7.3
MMCV CUDA Compiler: 10.1
MMDetection: 2.25.0+468aff3
------------------------------------------------------------

2025-10-04 22:38:46,882 - mmdet - INFO - Distributed training: False
2025-10-04 22:38:47,731 - mmdet - INFO - Config:
dataset_type = 'opera.CocoPoseDataset'
data_root = '/dataset/public/coco/'
img_norm_cfg = dict(
    mean=[123.675, 116.28, 103.53], std=[58.395, 57.12, 57.375], to_rgb=True)
train_pipeline = [
    dict(type='mmdet.LoadImageFromFile', to_float32=True),
    dict(
        type='opera.LoadAnnotations',
        with_bbox=True,
        with_keypoint=True,
        with_area=True),
    dict(
        type='mmdet.PhotoMetricDistortion',
        brightness_delta=32,
        contrast_range=(0.5, 1.5),
        saturation_range=(0.5, 1.5),
        hue_delta=18),
    dict(
        type='opera.KeypointRandomAffine',
        max_rotate_degree=30.0,
        max_translate_ratio=0.0,
        scaling_ratio_range=(1.0, 1.0),
        max_shear_degree=0.0,
        border_val=[103.53, 116.28, 123.675]),
    dict(type='opera.RandomFlip', flip_ratio=0.5),
    dict(
        type='mmdet.AutoAugment',
        policies=[[{
            'type': 'opera.Resize',
            'img_scale': [(400, 1400), (1400, 1400)],
            'multiscale_mode': 'range',
            'keep_ratio': True
        }],
                  [{
                      'type': 'opera.Resize',
                      'img_scale': [(400, 4200), (500, 4200), (600, 4200)],
                      'multiscale_mode': 'value',
                      'keep_ratio': True
                  }, {
                      'type': 'opera.RandomCrop',
                      'crop_type': 'absolute_range',
                      'crop_size': (384, 600),
                      'allow_negative_crop': True
                  }, {
                      'type': 'opera.Resize',
                      'img_scale': [(400, 1400), (1400, 1400)],
                      'multiscale_mode': 'range',
                      'override': True,
                      'keep_ratio': True
                  }]]),
    dict(
        type='mmdet.Normalize',
        mean=[123.675, 116.28, 103.53],
        std=[58.395, 57.12, 57.375],
        to_rgb=True),
    dict(type='mmdet.Pad', size_divisor=1),
    dict(
        type='opera.DefaultFormatBundle',
        extra_keys=['gt_keypoints', 'gt_areas']),
    dict(
        type='mmdet.Collect',
        keys=['img', 'gt_bboxes', 'gt_labels', 'gt_keypoints', 'gt_areas'])
]
test_pipeline = [
    dict(type='mmdet.LoadImageFromFile'),
    dict(
        type='mmdet.MultiScaleFlipAug',
        img_scale=(1333, 800),
        flip=False,
        transforms=[
            dict(type='mmdet.Resize', keep_ratio=True),
            dict(type='mmdet.RandomFlip'),
            dict(
                type='mmdet.Normalize',
                mean=[123.675, 116.28, 103.53],
                std=[58.395, 57.12, 57.375],
                to_rgb=True),
            dict(type='mmdet.Pad', size_divisor=1),
            dict(type='mmdet.ImageToTensor', keys=['img']),
            dict(type='mmdet.Collect', keys=['img'])
        ])
]
data = dict(
    samples_per_gpu=2,
    workers_per_gpu=2,
    train=dict(
        type='opera.CocoPoseDataset',
        ann_file=
        '/dataset/public/coco/annotations/person_keypoints_train2017.json',
        img_prefix='/dataset/public/coco/images/train2017/',
        pipeline=[
            dict(type='mmdet.LoadImageFromFile', to_float32=True),
            dict(
                type='opera.LoadAnnotations',
                with_bbox=True,
                with_keypoint=True,
                with_area=True),
            dict(
                type='mmdet.PhotoMetricDistortion',
                brightness_delta=32,
                contrast_range=(0.5, 1.5),
                saturation_range=(0.5, 1.5),
                hue_delta=18),
            dict(
                type='opera.KeypointRandomAffine',
                max_rotate_degree=30.0,
                max_translate_ratio=0.0,
                scaling_ratio_range=(1.0, 1.0),
                max_shear_degree=0.0,
                border_val=[103.53, 116.28, 123.675]),
            dict(type='opera.RandomFlip', flip_ratio=0.5),
            dict(
                type='mmdet.AutoAugment',
                policies=[[{
                    'type': 'opera.Resize',
                    'img_scale': [(400, 1400), (1400, 1400)],
                    'multiscale_mode': 'range',
                    'keep_ratio': True
                }],
                          [{
                              'type': 'opera.Resize',
                              'img_scale': [(400, 4200), (500, 4200),
                                            (600, 4200)],
                              'multiscale_mode': 'value',
                              'keep_ratio': True
                          }, {
                              'type': 'opera.RandomCrop',
                              'crop_type': 'absolute_range',
                              'crop_size': (384, 600),
                              'allow_negative_crop': True
                          }, {
                              'type': 'opera.Resize',
                              'img_scale': [(400, 1400), (1400, 1400)],
                              'multiscale_mode': 'range',
                              'override': True,
                              'keep_ratio': True
                          }]]),
            dict(
                type='mmdet.Normalize',
                mean=[123.675, 116.28, 103.53],
                std=[58.395, 57.12, 57.375],
                to_rgb=True),
            dict(type='mmdet.Pad', size_divisor=1),
            dict(
                type='opera.DefaultFormatBundle',
                extra_keys=['gt_keypoints', 'gt_areas']),
            dict(
                type='mmdet.Collect',
                keys=[
                    'img', 'gt_bboxes', 'gt_labels', 'gt_keypoints', 'gt_areas'
                ])
        ]),
    val=dict(
        type='opera.CocoPoseDataset',
        ann_file=
        '/dataset/public/coco/annotations/person_keypoints_val2017.json',
        img_prefix='/dataset/public/coco/images/val2017/',
        pipeline=[
            dict(type='mmdet.LoadImageFromFile'),
            dict(
                type='mmdet.MultiScaleFlipAug',
                img_scale=(1333, 800),
                flip=False,
                transforms=[
                    dict(type='mmdet.Resize', keep_ratio=True),
                    dict(type='mmdet.RandomFlip'),
                    dict(
                        type='mmdet.Normalize',
                        mean=[123.675, 116.28, 103.53],
                        std=[58.395, 57.12, 57.375],
                        to_rgb=True),
                    dict(type='mmdet.Pad', size_divisor=1),
                    dict(type='mmdet.ImageToTensor', keys=['img']),
                    dict(type='mmdet.Collect', keys=['img'])
                ])
        ]),
    test=dict(
        type='opera.CocoPoseDataset',
        ann_file=
        '/dataset/public/coco/annotations/person_keypoints_val2017.json',
        img_prefix='/dataset/public/coco/images/val2017/',
        pipeline=[
            dict(type='mmdet.LoadImageFromFile'),
            dict(
                type='mmdet.MultiScaleFlipAug',
                img_scale=(1333, 800),
                flip=False,
                transforms=[
                    dict(type='mmdet.Resize', keep_ratio=True),
                    dict(type='mmdet.RandomFlip'),
                    dict(
                        type='mmdet.Normalize',
                        mean=[123.675, 116.28, 103.53],
                        std=[58.395, 57.12, 57.375],
                        to_rgb=True),
                    dict(type='mmdet.Pad', size_divisor=1),
                    dict(type='mmdet.ImageToTensor', keys=['img']),
                    dict(type='mmdet.Collect', keys=['img'])
                ])
        ]))
evaluation = dict(interval=1, metric='keypoints')
checkpoint_config = dict(interval=1, max_keep_ckpts=20)
log_config = dict(interval=50, hooks=[dict(type='TextLoggerHook')])
custom_hooks = [dict(type='NumClassCheckHook')]
dist_params = dict(backend='nccl')
log_level = 'INFO'
load_from = None
resume_from = None
workflow = [('train', 1)]
opencv_num_threads = 0
mp_start_method = 'fork'
auto_scale_lr = dict(enable=False, base_batch_size=16)
model = dict(
    type='opera.PETR',
    backbone=dict(
        type='mmdet.ResNet',
        depth=50,
        num_stages=4,
        out_indices=(1, 2, 3),
        frozen_stages=1,
        norm_cfg=dict(type='BN', requires_grad=False),
        norm_eval=True,
        style='pytorch',
        init_cfg=dict(type='Pretrained', checkpoint='torchvision://resnet50')),
    neck=dict(
        type='mmdet.ChannelMapper',
        in_channels=[512, 1024, 2048],
        kernel_size=1,
        out_channels=256,
        act_cfg=None,
        norm_cfg=dict(type='GN', num_groups=32),
        num_outs=4),
    bbox_head=dict(
        type='opera.PETRHead',
        num_query=300,
        num_classes=1,
        in_channels=2048,
        sync_cls_avg_factor=True,
        with_kpt_refine=True,
        as_two_stage=True,
        transformer=dict(
            type='opera.PETRTransformer',
            encoder=dict(
                type='mmcv.DetrTransformerEncoder',
                num_layers=6,
                transformerlayers=dict(
                    type='mmcv.BaseTransformerLayer',
                    attn_cfgs=dict(
                        type='mmcv.MultiScaleDeformableAttention',
                        embed_dims=256),
                    feedforward_channels=1024,
                    ffn_dropout=0.1,
                    operation_order=('self_attn', 'norm', 'ffn', 'norm'))),
            decoder=dict(
                type='opera.PetrTransformerDecoder',
                num_layers=3,
                return_intermediate=True,
                transformerlayers=dict(
                    type='mmcv.DetrTransformerDecoderLayer',
                    attn_cfgs=[
                        dict(
                            type='mmcv.MultiheadAttention',
                            embed_dims=256,
                            num_heads=8,
                            dropout=0.1),
                        dict(
                            type='opera.MultiScaleDeformablePoseAttention',
                            embed_dims=256)
                    ],
                    feedforward_channels=1024,
                    ffn_dropout=0.1,
                    operation_order=('self_attn', 'norm', 'cross_attn', 'norm',
                                     'ffn', 'norm'))),
            hm_encoder=dict(
                type='mmcv.DetrTransformerEncoder',
                num_layers=1,
                transformerlayers=dict(
                    type='mmcv.BaseTransformerLayer',
                    attn_cfgs=dict(
                        type='mmcv.MultiScaleDeformableAttention',
                        embed_dims=256,
                        num_levels=1),
                    feedforward_channels=1024,
                    ffn_dropout=0.1,
                    operation_order=('self_attn', 'norm', 'ffn', 'norm'))),
            refine_decoder=dict(
                type='mmcv.DeformableDetrTransformerDecoder',
                num_layers=2,
                return_intermediate=True,
                transformerlayers=dict(
                    type='mmcv.DetrTransformerDecoderLayer',
                    attn_cfgs=[
                        dict(
                            type='mmcv.MultiheadAttention',
                            embed_dims=256,
                            num_heads=8,
                            dropout=0.1),
                        dict(
                            type='mmcv.MultiScaleDeformableAttention',
                            embed_dims=256,
                            im2col_step=128)
                    ],
                    feedforward_channels=1024,
                    ffn_dropout=0.1,
                    operation_order=('self_attn', 'norm', 'cross_attn', 'norm',
                                     'ffn', 'norm')))),
        positional_encoding=dict(
            type='mmcv.SinePositionalEncoding',
            num_feats=128,
            normalize=True,
            offset=-0.5),
        loss_cls=dict(
            type='mmdet.FocalLoss',
            use_sigmoid=True,
            gamma=2.0,
            alpha=0.25,
            loss_weight=2.0),
        loss_kpt=dict(type='mmdet.L1Loss', loss_weight=70.0),
        loss_kpt_rpn=dict(type='mmdet.L1Loss', loss_weight=70.0),
        loss_oks=dict(type='opera.OKSLoss', loss_weight=2.0),
        loss_hm=dict(type='opera.CenterFocalLoss', loss_weight=4.0),
        loss_kpt_refine=dict(type='mmdet.L1Loss', loss_weight=80.0),
        loss_oks_refine=dict(type='opera.OKSLoss', loss_weight=3.0)),
    train_cfg=dict(
        assigner=dict(
            type='opera.PoseHungarianAssigner',
            cls_cost=dict(type='mmdet.FocalLossCost', weight=2.0),
            kpt_cost=dict(type='opera.KptL1Cost', weight=70.0),
            oks_cost=dict(type='opera.OksCost', weight=7.0))),
    test_cfg=dict(max_per_img=100))
optimizer = dict(
    type='AdamW',
    lr=0.0002,
    weight_decay=0.0001,
    paramwise_cfg=dict(
        custom_keys=dict(
            backbone=dict(lr_mult=0.1),
            sampling_offsets=dict(lr_mult=0.1),
            reference_points=dict(lr_mult=0.1))))
optimizer_config = dict(grad_clip=dict(max_norm=0.1, norm_type=2))
lr_config = dict(policy='step', step=[80])
runner = dict(type='EpochBasedRunner', max_epochs=100)
work_dir = './work_dirs/petr_r50_16x2_100e_coco'
auto_resume = False
gpu_ids = [0]

2025-10-04 22:38:47,732 - mmdet - INFO - Set random seed to 779443595, deterministic: False
